<?xml version="1.0" encoding="UTF-8"?>
<!-- Generated by org.testng.reporters.JUnitReportReporter -->
<testsuite skipped="0" hostname="shpc-021" name="com.test.api.testGet" tests="1" failures="0" timestamp="05 五月 2019 10:17:18 GMT" time="0.005" errors="0">
  <testcase name="TestGetRequest" time="0.005" classname="com.test.api.testGet"/>
</testsuite> <!-- com.test.api.testGet -->
