<?xml version="1.0" encoding="UTF-8"?>
<!-- Generated by org.testng.reporters.JUnitReportReporter -->
<testsuite skipped="0" hostname="shpc-021" name="com.test.api.testPost" tests="1" failures="0" timestamp="06 五月 2019 09:24:46 GMT" time="0.005" errors="0">
  <testcase name="testPostRequest" time="0.005" classname="com.test.api.testPost"/>
</testsuite> <!-- com.test.api.testPost -->
